Arguments: 
  /Users/hasan.tezcan/.nvm/versions/node/v14.18.0/bin/node /opt/homebrew/bin/yarn add -D @types/node typescript nodemon ts-node

PATH: 
  /Users/hasan.tezcan/.nvm/versions/node/v14.18.0/bin:/Users/hasan.tezcan/.pyenv/shims:/opt/homebrew/bin:/opt/homebrew/sbin:/usr/local/bin:/System/Cryptexes/App/usr/bin:/usr/bin:/bin:/usr/sbin:/sbin:/Users/hasan.tezcan/.nvm/versions/node/v14.18.0/bin:/Users/hasan.tezcan/.pyenv/shims:/opt/homebrew/bin:/opt/homebrew/sbin

Yarn version: 
  1.22.19

Node version: 
  14.18.0

Platform: 
  darwin arm64

Trace: 
  SyntaxError: /Users/hasan.tezcan/Workspace/crafthouse/web-vitals-demo/package.json: Unexpected token v in JSON at position 1
      at JSON.parse (<anonymous>)
      at /opt/homebrew/lib/node_modules/yarn/lib/cli.js:1629:59
      at Generator.next (<anonymous>)
      at step (/opt/homebrew/lib/node_modules/yarn/lib/cli.js:310:30)
      at /opt/homebrew/lib/node_modules/yarn/lib/cli.js:321:13

npm manifest: 
  vite{
    "name": "web-vitals-demo",
    "version": "1.0.0",
    "main": "index.js",
    "repository": "git@github.com:hasantezcan/web-vitals-demo.git",
    "author": "Sfint-Crowdin Bot <gitlab-bot@trendyol.com>",
    "license": "MIT"
  }

yarn manifest: 
  No manifest

Lockfile: 
  No lockfile
